Active Internet connections (including servers)
Proto Recv-Q Send-Q  Local Address          Foreign Address        (state)    
tcp4       0      0  192.168.1.203.54210  52.84.254.237.8.8080   ESTABLISHED
tcp4       0      0  192.168.1.203.54205  204.79.197.213.8.8080  ESTABLISHED
tcp4       0      0  192.168.1.203.54178  151.101.74.2.8.8080    ESTABLISHED
tcp4       0      0  192.168.1.203.54163  104.244.42.200.8.8080  ESTABLISHED
tcp4       0      0  192.168.1.203.54157  104.244.43.16.8.8080   ESTABLISHED
tcp4       0      0  192.168.1.203.54146  104.244.42.67.8.8080   ESTABLISHED
tcp4       0      0  192.168.1.203.54145  104.244.42.133.8.8080  ESTABLISHED
tcp4       0      0  192.168.1.203.54139  104.16.137.219.8.8080  ESTABLISHED
tcp4       0      0  192.168.1.203.54028  157.7.107.55.8080      CLOSE_WAIT 
tcp4       0      0  192.168.1.203.54021  157.7.107.55.8080      CLOSE_WAIT 
tcp4       0      0  192.168.1.203.53994  157.7.107.55.8080      CLOSE_WAIT 
tcp4      31      0  192.168.1.203.53964  23.218.44.61.8.8080    CLOSE_WAIT 
tcp4       0      0  192.168.1.203.53902  157.7.107.55.8080      CLOSE_WAIT 
tcp4       0      0  192.168.1.203.53878  52.69.69.136.8.8080    ESTABLISHED
tcp4       0      0  192.168.1.203.53783  23.218.44.61.8.8080    ESTABLISHED
tcp4       0      0  192.168.1.203.53782  23.218.44.61.8.8080    ESTABLISHED
tcp4      31      0  192.168.1.203.53438  23.210.228.55.8.8080   CLOSE_WAIT 
tcp4      31      0  192.168.1.203.52434  23.218.44.61.8.8080    CLOSE_WAIT 
tcp4       0      0  192.168.1.203.52183  203.104.153.129.8.8080 ESTABLISHED
tcp4       0      0  192.168.1.203.52.8080108.177.97.188.8.8080  ESTABLISHED
tcp4       0      0  192.168.1.203.52177  52.230.84.217.8.8080   ESTABLISHED
tcp4       0      0  192.168.1.203.52176  17.252.141.19.5223     ESTABLISHED
tcp4      31      0  192.168.1.203.51886  183.79.217.124.8.8080  CLOSE_WAIT 
tcp4      31      0  192.168.1.203.51885  183.79.217.124.8.8080  CLOSE_WAIT 
tcp4       0      0  192.168.1.203.51874  182.22.24.252.8080     CLOSE_WAIT 
tcp4       0      0  192.168.1.203.51872  182.22.24.252.8080     CLOSE_WAIT 
tcp4       0      0  192.168.1.203.51863  151.101.72.133.8.8080  ESTABLISHED
tcp4      31      0  192.168.1.203.51860  67.199.248.11.8.8080   CLOSE_WAIT 
tcp4       0      0  127.0.0.1.8.8080       *.*                    LISTEN     
tcp46      0      0  *.51824                *.*                    LISTEN     
tcp4      31      0  192.168.1.203.51254  23.211.96.151.8.8080   CLOSE_WAIT 
tcp4       0      0  127.0.0.1.10400        *.*                    LISTEN     
tcp4       0      0  127.0.0.1.37848        127.0.0.1.49227        ESTABLISHED
tcp4       0      0  127.0.0.1.49227        127.0.0.1.37848        ESTABLISHED
tcp6       0      0  *.49179                *.*                    LISTEN     
tcp4       0      0  *.49179                *.*                    LISTEN     
tcp4       0      0  127.0.0.1.631          *.*                    LISTEN     
tcp6       0      0  ::1.631                *.*                    LISTEN     
tcp4       0      0  127.0.0.1.37848        *.*                    LISTEN     
tcp4       0      0  192.168.1.203.54207  52.114.132.22.8.8080   TIME_WAIT  
udp6       0      0  *.59.8080              *.*                               
udp4       0      0  *.59.8080              *.*                               
udp4       0      0  *.*                    *.*                               
udp4       0      0  *.*                    *.*                               
udp4       0      0  *.*                    *.*                               
udp4       0      0  *.*                    *.*                               
udp4       0      0  *.*                    *.*                               
udp4       0      0  *.*                    *.*                               
udp4       0      0  *.*                    *.*                               
udp4       0      0  *.51714                *.*                               
udp4       0      0  *.*                    *.*                               
udp4       0      0  *.*                    *.*                               
udp4       0      0  *.*                    *.*                               
udp4       0      0  *.*                    *.*                               
udp4       0      0  *.*                    *.*                               
udp4       0      0  *.*                    *.*                               
udp4       0      0  *.*                    *.*                               
udp4       0      0  *.*                    *.*                               
udp4       0      0  *.*                    *.*                               
udp4       0      0  *.*                    *.*                               
udp4       0      0  *.*                    *.*                               
udp4       0      0  *.*                    *.*                               
udp4       0      0  *.*                    *.*                               
udp4       0      0  *.*                    *.*                               
udp4       0      0  *.*                    *.*                               
udp4       0      0  *.*                    *.*                               
udp4       0      0  *.*                    *.*                               
udp4       0      0  *.*                    *.*                               
udp4       0      0  *.*                    *.*                               
udp4       0      0  *.*                    *.*                               
udp4       0      0  *.*                    *.*                               
udp4       0      0  *.*                    *.*                               
udp4       0      0  *.*                    *.*                               
udp4       0      0  *.*                    *.*                               
udp46      0      0  *.*                    *.*                               
udp4       0      0  *.*                    *.*                               
udp6       0      0  *.5353                 *.*                               
udp4       0      0  *.5353                 *.*                               
udp4       0      0  *.*                    *.*                               
udp4       0      0  *.*                    *.*                               
udp4       0      0  *.*                    *.*                               
udp4       0      0  *.138                  *.*                               
udp4       0      0  *.137                  *.*                               
Active Multipath Internet connections
Proto/ID  Flags      Local Address          Foreign Address        (state)    
icm6       0      0  *.*                    *.*                               
Active LOCAL (UNIX) domain sockets
Address          Type   Recv-Q Send-Q            Inode             Conn             Refs          Nextref Addr
feedfadce28e2107 stream      0      0                0 feedfadce28e45bf                0                0
feedfadce28e45bf stream      0      0                0 feedfadce28e2107                0                0
feedfadce28e235f stream      0      0                0 feedfadce28e2fdf                0                0
feedfadce28e2fdf stream      0      0                0 feedfadce28e235f                0                0
feedfadce28e316f stream      0      0                0 feedfadce28e4bff                0                0
feedfadce28e4bff stream   7.8080    0                0 feedfadce28e316f                0                0
feedfadce28e2747 stream      0      0                0 feedfadce28e49a7                0                0 /var/run/mDNSResponder
feedfadce28e49a7 stream      0      0                0 feedfadce28e2747                0                0
feedfadcdc148bf7 stream      0      0                0 feedfadcdc148fdf                0                0
feedfadcdc148fdf stream      0      0                0 feedfadcdc148bf7                0                0
feedfadcdc14ab37 stream      0      0                0 feedfadcdc148297                0                0
feedfadcdc148297 stream      0      0                0 feedfadcdc14ab37                0                0
feedfadce28e33c7 stream      0      0                0 feedfadce28e41d7                0                0 /var/run/mDNSResponder
feedfadce28e41d7 stream      0      0                0 feedfadce28e33c7                0                0
feedfadce28e2a67 stream      0      0                0 feedfadce28e3def                0                0 /var/run/mDNSResponder
feedfadce28e3def stream      0      0                0 feedfadce28e2a67                0                0
feedfadce28e203f stream      0      0                0 feedfadce28e4367                0                0 /var/run/mDNSResponder
feedfadce28e4367 stream      0      0                0 feedfadce28e203f                0                0
feedfadce28e4817 stream      0      0                0 feedfadce46c2f17                0                0
feedfadce46c2f17 stream      0      0                0 feedfadce28e4817                0                0
feedfadce46c2297 stream      0      0                0 feedfadce46c2107                0                0
feedfadce46c2107 stream      0      0                0 feedfadce46c2297                0                0
feedfadce46c2427 stream      0      0                0 feedfadce46c4f1f                0                0
feedfadce46c4f1f stream      0      0                0 feedfadce46c2427                0                0
feedfadce46c203f stream      0      0                0 feedfadce46c4817                0                0
feedfadce46c4817 stream      0      0                0 feedfadce46c203f                0                0
feedfadce46c4e57 stream      0      0                0 feedfadce46c25b7                0                0
feedfadce46c25b7 stream      0      0                0 feedfadce46c4e57                0                0
feedfadce46c4367 stream      0      0                0 feedfadce46c267f                0                0
feedfadce46c267f stream      0      0                0 feedfadce46c4367                0                0
feedfadce46c429f stream      0      0                0 feedfadce46c3a07                0                0
feedfadce46c3a07 stream      0      0                0 feedfadce46c429f                0                0
feedfadce46c41d7 stream      0      0                0 feedfadce46c4d8f                0                0
feedfadce46c4d8f stream      0      0                0 feedfadce46c41d7                0                0
feedfadce46c474f stream      0      0                0 feedfadce46c21cf                0                0
feedfadce46c21cf stream      0      0                0 feedfadce46c474f                0                0
feedfadce46c2e4f stream      0      0                0 feedfadce46c4687                0                0
feedfadce46c4687 stream      0      0                0 feedfadce46c2e4f                0                0
feedfadce46c3def stream      0      0                0 feedfadce46c235f                0                0
feedfadce46c235f stream      0      0                0 feedfadce46c3def                0                0
feedfadce46c280f stream      0      0                0 feedfadce46c45bf                0                0
feedfadce46c45bf stream      0      0                0 feedfadce46c280f                0                0
feedfadce46c4b37 stream      0      0                0 feedfadce46c4a6f                0                0
feedfadce46c4a6f stream      0      0                0 feedfadce46c4b37                0                0
feedfadce46c28d7 stream      0      0                0 feedfadce46c2d87                0                0
feedfadce46c2d87 stream      0      0                0 feedfadce46c28d7                0                0
feedfadce46c3acf stream      0      0                0 feedfadce46c3877                0                0
feedfadce46c3877 stream      0      0                0 feedfadce46c3acf                0                0
feedfadce46c3f7f stream      0      0                0 feedfadce46c3557                0                0
feedfadce46c3557 stream      0      0                0 feedfadce46c3f7f                0                0
feedfadce46c44f7 stream      0      0                0 feedfadce46c3d27                0                0
feedfadce46c3d27 stream      0      0                0 feedfadce46c44f7                0                0
feedfadce46c4047 stream      0      0                0 feedfadce46c3c5f                0                0
feedfadce46c3c5f stream      0      0                0 feedfadce46c4047                0                0
feedfadce46c299f stream      0      0                0 feedfadce46c32ff                0                0
feedfadce46c32ff stream      0      0                0 feedfadce46c299f                0                0
feedfadce46c410f stream      0      0                0 feedfadce46c2a67                0                0
feedfadce46c2a67 stream      0      0                0 feedfadce46c410f                0                0
feedfadce46c2b2f stream      0      0                0 feedfadce46c2fdf                0                0
feedfadce46c2fdf stream      0      0                0 feedfadce46c2b2f                0                0
feedfadce46c442f stream      0      0                0 feedfadce46c3eb7                0                0
feedfadce46c3eb7 stream      0      0                0 feedfadce46c442f                0                0
feedfadce46c30a7 stream      0      0                0 feedfadce46c348f                0                0 /var/run/mDNSResponder
feedfadce46c348f stream      0      0                0 feedfadce46c30a7                0                0
feedfadce46c37af stream      0      0 feedfadce5b99dcf                0                0                0 /var/folders/xq/j3wfs0g55s9cmg4cmjn9tylh0000gn/T/vscode-git-askpass-c5938439339f45046ff595f3e2ae895cd80
feedfadce46c316f stream      0      0                0 feedfadce46c36e7                0                0
feedfadce46c36e7 stream      0      0                0 feedfadce46c316f                0                0
feedfadce46c3237 stream      0      0                0 feedfadce46c361f                0                0
feedfadce46c361f stream      0      0                0 feedfadce46c3237                0                0
feedfadce16a967f stream      0      0                0 feedfadcda1818d7                0                0 /var/run/mDNSResponder
feedfadcda1818d7 stream      0      0                0 feedfadce16a967f                0                0
feedfadcde404a07 stream      0      0                0 feedfadcde40448f                0                0 /var/run/mDNSResponder
feedfadcde40448f stream      0      0                0 feedfadcde404a07                0                0
feedfadcdc14a687 stream      0      0                0 feedfadcdc148b2f                0                0
feedfadcdc148b2f stream      0      0                0 feedfadcdc14a687                0                0
feedfadcdc148427 stream      0      0                0 feedfadcdc1497af                0                0 /Users/yuza/Library/Application Support/Code/1.26.1-shared.sock
feedfadcdc1497af stream      0      0                0 feedfadcdc148427                0                0
feedfadcdc149237 stream      0      0                0 feedfadcdc14ad8f                0                0 /Users/yuza/Library/Application Support/Code/1.26.1-shared.sock
feedfadcdc14ad8f stream      0      0                0 feedfadcdc149237                0                0
feedfadcdc14961f stream      0      0 feedfadce38ecf3f                0                0                0 /Users/yuza/Library/Application Support/Code/1.26.1-shared.sock
feedfadcdc149acf stream      0      0                0 feedfadcdc14a367                0                0
feedfadcdc14a367 stream      0      0                0 feedfadcdc149acf                0                0
feedfadcdc1496e7 stream      0      0                0 feedfadcdc14a5bf                0                0
feedfadcdc14a5bf stream      0      0                0 feedfadcdc1496e7                0                0
feedfadcdc149557 stream      0      0                0 feedfadcdc14a4f7                0                0 /var/folders/xq/j3wfs0g55s9cmg4cmjn9tylh0000gn/T/vscode-ipc-74dc09c2-c6ee-4599-862c-6707cc35ede2.sock
feedfadcdc14a4f7 stream      0      0                0 feedfadcdc149557                0                0
feedfadcdc148e4f stream      0      0                0 feedfadcdc148747                0                0
feedfadcdc148747 stream      0      0                0 feedfadcdc148e4f                0                0
feedfadcdc14ae57 stream      0      0                0 feedfadcdc14aa6f                0                0
feedfadcdc14aa6f stream      0      0                0 feedfadcdc14ae57                0                0
feedfadcdc14a9a7 stream      0      0                0 feedfadcdc14867f                0                0
feedfadcdc14867f stream      0      0                0 feedfadcdc14a9a7                0                0
feedfadcdc14af1f stream      0      0                0 feedfadcdc149d27                0                0
feedfadcdc149d27 stream      0      0                0 feedfadcdc14af1f                0                0
feedfadcdc1481cf stream      0      0                0 feedfadcdc1488d7                0                0
feedfadcdc1488d7 stream      0      0                0 feedfadcdc1481cf                0                0
feedfadcdc149eb7 stream      0      0                0 feedfadcdc149b97                0                0
feedfadcdc149b97 stream      0      0                0 feedfadcdc149eb7                0                0
feedfadcdc14a817 stream      0      0                0 feedfadcdc1492ff                0                0
feedfadcdc1492ff stream      0      0                0 feedfadcdc14a817                0                0
feedfadcdc148cbf stream      0      0                0 feedfadcdc1485b7                0                0
feedfadcdc1485b7 stream      0      0                0 feedfadcdc148cbf                0                0
feedfadcdc14916f stream      0      0 feedfadce54ff1af                0                0                0 /Users/yuza/Library/Application Support/Code/1.26.1-main.sock
feedfadcdc14880f stream      0      0                0 feedfadcdc1484ef                0                0
feedfadcdc1484ef stream      0      0                0 feedfadcdc14880f                0                0
feedfadce28e21cf stream      0      0                0 feedfadce28e4e57                0                0 /var/run/mDNSResponder
feedfadce28e4e57 stream      0      0                0 feedfadce28e21cf                0                0
feedfadcdc14a047 stream      0      0                0                0                0                0
feedfadcdc149c5f stream      0      0                0                0                0                0
feedfadcdc14993f stream      0      0                0 feedfadcdc1490a7                0                0 /var/run/mDNSResponder
feedfadcdc1490a7 stream      0      0                0 feedfadcdc14993f                0                0
feedfadce28e3d27 stream      0      0                0 feedfadce28e44f7                0                0 /var/run/mDNSResponder
feedfadce28e44f7 stream      0      0                0 feedfadce28e3d27                0                0
feedfadce28e299f stream      0      0                0 feedfadce28e24ef                0                0 /var/run/mDNSResponder
feedfadce28e24ef stream      0      0                0 feedfadce28e299f                0                0
feedfadce28e36e7 stream      0      0                0 feedfadce28e3a07                0                0 /tmp/port.61100
feedfadce28e3a07 stream      0      0                0 feedfadce28e36e7                0                0
feedfadce28e3877 stream      0      0                0 feedfadcde40303f                0                0
feedfadcde40303f stream      0      0                0 feedfadce28e3877                0                0
feedfadcde403427 stream      0      0                0 feedfadcde40510f                0                0 /var/run/mDNSResponder
feedfadcde40510f stream      0      0                0 feedfadcde403427                0                0
feedfadce16aba6f stream      0      0                0 feedfadce16a91cf                0                0 /var/run/mDNSResponder
feedfadce16a91cf stream      0      0                0 feedfadce16aba6f                0                0
feedfadce16ab74f stream      0      0                0 feedfadce16ab687                0                0
feedfadce16ab687 stream      0      0                0 feedfadce16ab74f                0                0
feedfadce16ab4f7 stream      0      0                0 feedfadce16a9747                0                0
feedfadce16a9747 stream      0      0                0 feedfadce16ab4f7                0                0
feedfadce16ab10f stream      0      0                0 feedfadce16ab047                0                0 /var/run/mDNSResponder
feedfadce16ab047 stream      0      0                0 feedfadce16ab10f                0                0
feedfadce16aaf7f stream      0      0 feedfadce1e89ec7                0                0                0 /var/folders/xq/j3wfs0g55s9cmg4cmjn9tylh0000gn/T/chrome-oh9Ik3/Socket
feedfadce16a9a67 stream      0      0 feedfadce1e8339f                0                0                0 /var/folders/xq/j3wfs0g55s9cmg4cmjn9tylh0000gn/T/.com.google.Chrome.VFQgEU/SingletonSocket
feedfadce16aaeb7 stream      0      0                0 feedfadce16aadef                0                0
feedfadce16aadef stream      0      0                0 feedfadce16aaeb7                0                0
feedfadce16a9b2f stream      0      0                0 feedfadce16aad27                0                0 /var/run/usbmuxd
feedfadce16aad27 stream      0      0                0 feedfadce16a9b2f                0                0
feedfadce16aab97 stream      0      0                0 feedfadce16a9cbf                0                0 /var/run/usbmuxd
feedfadce16a9cbf stream      0      0                0 feedfadce16aab97                0                0
feedfadce16a9e4f stream      0      0                0 feedfadce16aaacf                0                0 /var/run/mDNSResponder
feedfadce16aaacf stream      0      0                0 feedfadce16a9e4f                0                0
feedfadce16aaa07 stream      0      0                0 feedfadce16a9f17                0                0 /var/run/mDNSResponder
feedfadce16a9f17 stream      0      0                0 feedfadce16aaa07                0                0
feedfadce16a9fdf stream      0      0                0 feedfadce16aa0a7                0                0 /var/run/mDNSResponder
feedfadce16aa93f stream      0      0                0 feedfadce16aa877                0                0 /var/run/mDNSResponder
feedfadce16aa877 stream      0      0                0 feedfadce16aa93f                0                0
feedfadce16aa0a7 stream      0      0                0 feedfadce16a9fdf                0                0
feedfadce16aa7af stream      0      0                0 feedfadce16aa6e7                0                0 /var/run/mDNSResponder
feedfadce16aa6e7 stream      0      0                0 feedfadce16aa7af                0                0
feedfadce16aa61f stream      0      0                0 feedfadce16aa557                0                0 /var/run/mDNSResponder
feedfadce16aa557 stream      0      0                0 feedfadce16aa61f                0                0
feedfadce16aa48f stream      0      0                0 feedfadce16aa16f                0                0 /var/run/mDNSResponder
feedfadce16aa16f stream      0      0                0 feedfadce16aa48f                0                0
feedfadce16aa237 stream      0      0                0 feedfadce16aa2ff                0                0 /var/run/mDNSResponder
feedfadce16aa3c7 stream      0      0                0 feedfadcde4038d7                0                0 /var/run/mDNSResponder
feedfadce16aa2ff stream      0      0                0 feedfadce16aa237                0                0
feedfadcde4038d7 stream      0      0                0 feedfadce16aa3c7                0                0
feedfadcde403107 stream      0      0                0 feedfadcde405f1f                0                0 /var/run/mDNSResponder
feedfadcde405f1f stream      0      0                0 feedfadcde403107                0                0
feedfadcda18103f stream      0      0                0 feedfadcda181107                0                0 /var/run/mDNSResponder
feedfadcda181107 stream      0      0                0 feedfadcda18103f                0                0
feedfadcda1811cf stream      0      0                0 feedfadcda183f1f                0                0 /var/run/mDNSResponder
feedfadcda183f1f stream      0      0                0 feedfadcda1811cf                0                0
feedfadcda1839a7 stream      0      0                0 feedfadcda183e57                0                0 /var/run/mDNSResponder
feedfadcda183e57 stream      0      0                0 feedfadcda1839a7                0                0
feedfadcda181f17 stream      0      0                0 feedfadcda181427                0                0 /var/run/mDNSResponder
feedfadcda181427 stream      0      0                0 feedfadcda181f17                0                0
feedfadcda183d8f stream      0      0                0 feedfadcda181297                0                0 /var/run/mDNSResponder
feedfadcda181297 stream      0      0                0 feedfadcda183d8f                0                0
feedfadcde405687 stream      0      0                0 feedfadcde40399f                0                0 /var/run/mDNSResponder
feedfadcde40399f stream      0      0                0 feedfadcde405687                0                0
feedfadcde403297 stream      0      0                0 feedfadcde4059a7                0                0 /var/run/mDNSResponder
feedfadcde4059a7 stream      0      0                0 feedfadcde403297                0                0
feedfadcde4031cf stream      0      0                0 feedfadcde40574f                0                0 /var/run/mDNSResponder
feedfadcde40574f stream      0      0                0 feedfadcde4031cf                0                0
feedfadcde40367f stream      0      0                0 feedfadcde4034ef                0                0
feedfadcde4034ef stream      0      0                0 feedfadcde40367f                0                0
feedfadcde405817 stream      0      0                0 feedfadcde4055bf                0                0
feedfadcde4055bf stream      0      0                0 feedfadcde405817                0                0
feedfadcde40335f stream      0      0                0 feedfadcde405b37                0                0
feedfadcde405b37 stream      0      0                0 feedfadcde40335f                0                0
feedfadcde4035b7 stream      0      0                0 feedfadcde405a6f                0                0
feedfadcde405a6f stream      0      0                0 feedfadcde4035b7                0                0
feedfadcde403b2f stream      0      0                0 feedfadcde403bf7                0                0 /var/run/mDNSResponder
feedfadcde403bf7 stream      0      0                0 feedfadcde403b2f                0                0
feedfadcde405367 stream      0      0 feedfadcdf58f877                0                0                0 /var/tmp/filesystemui.socket
feedfadcde40529f stream      0      0 feedfadcdf58f77f                0                0                0 /private/tmp/com.apple.launchd.Df1DUeL2OQ/Render
feedfadcde403f17 stream      0      0 feedfadcddf0622f                0                0                0 /private/tmp/com.apple.launchd.y885od1d8c/Listeners
feedfadcde403fdf stream      0      0 feedfadcdf244ec7                0                0                0 /tmp/port.61201
feedfadcde40416f stream      0      0                0 feedfadcde404f7f                0                0 /var/run/mDNSResponder
feedfadcde404f7f stream      0      0                0 feedfadcde40416f                0                0
feedfadcde4040a7 stream      0      0 feedfadcdf114137                0                0                0 /tmp/port.61301
feedfadcde404237 stream      0      0 feedfadcdf050f3f                0                0                0 /tmp/port.61401
feedfadcde404acf stream     12      0                0 feedfadcde404b97                0                0 /tmp/port.61100
feedfadcde404b97 stream      0      0                0 feedfadcde404acf                0                0
feedfadcde404def stream      0      0 feedfadcde44bb5f                0                0                0 /tmp/port.61100
feedfadcde4047af stream      0      0                0 feedfadcde4046e7                0                0 /var/run/mDNSResponder
feedfadcde4046e7 stream      0      0                0 feedfadcde4047af                0                0
feedfadcda183687 stream      0      0 feedfadcdbaa98f7                0                0                0 /var/run/displaypolicyd/state
feedfadcda181b2f stream      0      0                0 feedfadcda18374f                0                0
feedfadcda18374f stream      0      0                0 feedfadcda181b2f                0                0
feedfadcda182237 stream      0      0 feedfadcdb1cfe47                0                0                0 /var/run/pppconfd
feedfadcda18248f stream      0      0 feedfadcda39aae7                0                0                0 /var/run/com.docker.vmnetd.sock
feedfadcda1831d7 stream      0      0 feedfadcda37a327                0                0                0 /var/rpc/ncalrpc/srvsvc
feedfadcda18310f stream      0      0 feedfadcda37ba67                0                0                0 /var/rpc/ncacn_np/srvsvc
feedfadcda183047 stream      0      0 feedfadcda37aae7                0                0                0 /var/run/usbmuxd
feedfadcda182f7f stream      0      0 feedfadcda37aec7                0                0                0 /var/rpc/ncalrpc/wkssvc
feedfadcda182557 stream      0      0 feedfadcda36cf3f                0                0                0 /var/rpc/ncacn_np/wkssvc
feedfadcda18261f stream      0      0 feedfadcda36cb5f                0                0                0 /var/rpc/ncacn_np/mdssvc
feedfadcda182eb7 stream      0      0 feedfadcda36c96f                0                0                0 /var/rpc/ncalrpc/lsarpc
feedfadcda182def stream      0      0 feedfadcda36c77f                0                0                0 /var/rpc/ncacn_np/lsarpc
feedfadcda182d27 stream      0      0 feedfadcda331a67                0                0                0 /var/run/mDNSResponder
feedfadcda182c5f stream      0      0 feedfadcda33060f                0                0                0 /var/run/systemkeychaincheck.socket
feedfadcda182b97 stream      0      0 feedfadcda321d4f                0                0                0 /private/var/run/.sim_diagnosticd_socket
feedfadcda1826e7 stream      0      0 feedfadcda3210b7                0                0                0 /var/run/portmap.socket
feedfadcda182acf stream      0      0 feedfadcda311137                0                0                0 /var/run/vpncontrol.sock
feedfadcda1827af stream      0      0 feedfadcda2fe41f                0                0                0 /var/rpc/ncalrpc/NETLOGON
feedfadcda182a07 stream      0      0 feedfadcda2eb9ef                0                0                0 /private/var/run/cupsd
feedfadce46c393f dgram       0      0                0 feedfadcda182877                0 feedfadce28e348f
feedfadce28e348f dgram       0      0                0 feedfadcda182877                0 feedfadcdc149a07
feedfadcdc149a07 dgram       0      0                0 feedfadcda182877                0 feedfadce28e3acf
feedfadce16a95b7 dgram       0      0                0 feedfadce16abe57 feedfadce16abe57                0
feedfadce16abe57 dgram       0      0                0 feedfadce16a95b7 feedfadce16a95b7                0
feedfadce28e32ff dgram       0      0                0 feedfadce28e429f feedfadce28e429f                0
feedfadce28e429f dgram       0      0                0 feedfadce28e32ff feedfadce28e32ff                0
feedfadce28e3acf dgram       0      0                0 feedfadcda182877                0 feedfadce28e280f
feedfadce28e30a7 dgram       0      0                0 feedfadce28e442f feedfadce28e442f                0
feedfadce28e442f dgram       0      0                0 feedfadce28e30a7 feedfadce28e30a7                0
feedfadce28e280f dgram       0      0                0 feedfadcda182877                0 feedfadce28e4047
feedfadce28e2cbf dgram       0      0                0 feedfadce28e28d7 feedfadce28e28d7                0
feedfadce28e28d7 dgram       0      0                0 feedfadce28e2cbf feedfadce28e2cbf                0
feedfadce28e4047 dgram       0      0                0 feedfadcda182877                0 feedfadce28e2b2f
feedfadce28e2b2f dgram       0      0                0 feedfadcda182877                0 feedfadce28e2f17
feedfadce28e2e4f dgram       0      0                0 feedfadce28e2d87 feedfadce28e2d87                0
feedfadce28e2d87 dgram       0      0                0 feedfadce28e2e4f feedfadce28e2e4f                0
feedfadce28e2f17 dgram       0      0                0 feedfadcda182877                0 feedfadce28e3f7f
feedfadce28e3f7f dgram       0      0                0 feedfadcda182877                0 feedfadce28e3eb7
feedfadce28e3eb7 dgram       0      0                0 feedfadcda182877                0 feedfadce28e3b97
feedfadce28e3b97 dgram       0      0                0 feedfadcda182877                0 feedfadce16a98d7
feedfadce28e393f dgram       0      0                0 feedfadce28e37af feedfadce28e37af                0
feedfadce28e37af dgram       0      0                0 feedfadce28e393f feedfadce28e393f                0
feedfadce16a98d7 dgram       0      0                0 feedfadcda182877                0 feedfadce16a9d87
feedfadce16ab1d7 dgram       0      0                0 feedfadce16a999f feedfadce16a999f                0
feedfadce16a999f dgram       0      0                0 feedfadce16ab1d7 feedfadce16ab1d7                0
feedfadce16a9bf7 dgram       0      0                0 feedfadce16aac5f feedfadce16aac5f                0
feedfadce16aac5f dgram       0      0                0 feedfadce16a9bf7 feedfadce16a9bf7                0
feedfadce16a9d87 dgram       0      0                0 feedfadcda182877                0 feedfadcde405e57
feedfadcde405e57 dgram       0      0                0 feedfadcda182877                0 feedfadcde403747
feedfadcde403747 dgram       0      0                0 feedfadcda182877                0 feedfadcde405cc7
feedfadcde405cc7 dgram       0      0                0 feedfadcda182877                0 feedfadcda183b37
feedfadcda183b37 dgram       0      0                0 feedfadcda182877                0 feedfadcda183bff
feedfadcda183bff dgram       0      0                0 feedfadcda182877                0 feedfadcde405bff
feedfadcda18135f dgram       0      0                0 feedfadcda1814ef feedfadcda1814ef                0
feedfadcda1814ef dgram       0      0                0 feedfadcda18135f feedfadcda18135f                0
feedfadcde405bff dgram       0      0                0 feedfadcda182877                0 feedfadcde40380f
feedfadcde40380f dgram       0      0                0 feedfadcda182877                0 feedfadcde4054f7
feedfadcde4058df dgram       0      0                0 feedfadcde405d8f feedfadcde405d8f                0
feedfadcde405d8f dgram       0      0                0 feedfadcde4058df feedfadcde4058df                0
feedfadcde4054f7 dgram       0      0                0 feedfadcda182877                0 feedfadcde403cbf
feedfadcde403a67 dgram       0      0                0 feedfadcde40542f feedfadcde40542f                0
feedfadcde40542f dgram       0      0                0 feedfadcde403a67 feedfadcde403a67                0
feedfadcde403cbf dgram       0      0                0 feedfadcda182877                0 feedfadcde403d87
feedfadcde403d87 dgram       0      0                0 feedfadcda182877                0 feedfadcde403e4f
feedfadcde403e4f dgram       0      0                0 feedfadcda182877                0 feedfadcde4051d7
feedfadcde4051d7 dgram       0      0                0 feedfadcda182877                0 feedfadcde405047
feedfadcde405047 dgram       0      0                0 feedfadcda182877                0 feedfadcde404c5f
feedfadcde404557 dgram       0      0                0 feedfadcde40493f feedfadcde40493f                0
feedfadcde40493f dgram       0      0                0 feedfadcde404557 feedfadcde404557                0
feedfadcde4042ff dgram       0      0                0 feedfadcde404eb7 feedfadcde404eb7                0
feedfadcde404eb7 dgram       0      0                0 feedfadcde4042ff feedfadcde4042ff                0
feedfadcde404c5f dgram       0      0                0 feedfadcda182877                0 feedfadcde404d27
feedfadcde404d27 dgram       0      0                0 feedfadcda182877                0 feedfadcda183a6f
feedfadcde40461f dgram       0      0                0 feedfadcde404877 feedfadcde404877                0
feedfadcde404877 dgram       0      0                0 feedfadcde40461f feedfadcde40461f                0
feedfadcda181bf7 dgram       0      0                0 feedfadcda183cc7 feedfadcda183cc7                0
feedfadcda183cc7 dgram       0      0                0 feedfadcda181bf7 feedfadcda181bf7                0
feedfadcda183a6f dgram       0      0                0 feedfadcda182877                0 feedfadcda183817
feedfadcda1815b7 dgram       0      0                0 feedfadcda1838df feedfadcda1838df                0
feedfadcda1838df dgram       0      0                0 feedfadcda1815b7 feedfadcda1815b7                0
feedfadcda183817 dgram       0      0                0 feedfadcda182877                0 feedfadcda18167f
feedfadcda18167f dgram       0      0                0 feedfadcda182877                0 feedfadcda18342f
feedfadcda18199f dgram       0      0                0 feedfadcda18180f feedfadcda18180f                0
feedfadcda18180f dgram       0      0                0 feedfadcda18199f feedfadcda18199f                0
feedfadcda18342f dgram       0      0                0 feedfadcda182877                0 feedfadcda181fdf
feedfadcda181a67 dgram       0      0                0 feedfadcda181cbf feedfadcda181cbf                0
feedfadcda181cbf dgram       0      0                0 feedfadcda181a67 feedfadcda181a67                0
feedfadcda1835bf dgram       0      0                0 feedfadcda181d87 feedfadcda181d87                0
feedfadcda181d87 dgram       0      0                0 feedfadcda1835bf feedfadcda1835bf                0
feedfadcda1834f7 dgram       0      0                0 feedfadcda181e4f feedfadcda181e4f                0
feedfadcda181e4f dgram       0      0                0 feedfadcda1834f7 feedfadcda1834f7                0
feedfadcda181fdf dgram       0      0                0 feedfadcda182877                0 feedfadcda183367
feedfadcda183367 dgram       0      0                0 feedfadcda182877                0 feedfadcda1822ff
feedfadcda1820a7 dgram       0      0                0 feedfadcda18216f feedfadcda18216f                0
feedfadcda18216f dgram       0      0                0 feedfadcda1820a7 feedfadcda1820a7                0
feedfadcda1822ff dgram       0      0                0 feedfadcda182877                0 feedfadcda18293f
feedfadcda18329f dgram       0      0                0 feedfadcda1823c7 feedfadcda1823c7                0
feedfadcda1823c7 dgram       0      0                0 feedfadcda18329f feedfadcda18329f                0
feedfadcda18293f dgram       0      0                0 feedfadcda182877                0                0
feedfadcda182877 dgram       0      0 feedfadcda166687                0 feedfadce46c393f                0 /private//var/run/syslog
Registered kernel control modules
id       flags    pcbcount rcvbuf   sndbuf   name 
       1        9        0   131072   131072 com.apple.flow-divert 
       2        1        1    16384     2048 com.apple.nke.sockwall 
       3        9        0   524288   524288 com.apple.content-filter 
       4        9        0     8192     2048 com.apple.packet-mangler 
       5        1        0    65536    65536 com.apple.net.necp_control 
       6        1       12    65536    65536 com.apple.net.netagent 
       7        9        1   524288   524288 com.apple.net.utun_control 
       8        1        0    65536    65536 com.apple.net.ipsec_control 
       9        0       26     8192     2048 com.apple.netsrc 
       a       18        5     8192     2048 com.apple.network.statistics 
       b        5        0     8192     2048 com.apple.network.tcp_ccdebug 
       c        1        0     8192     2048 com.apple.network.advisory 
       d        4        0    65536     2048 com.apple.uart.SSDC 
       e        4        0     8192     2048 com.apple.uart.sk.SSDC 
       f        1        1     8192     2048 com.trendmicro.kext.KERedirect 
Active kernel event sockets
Proto Recv-Q Send-Q vendor  class subcla
kevt       0      0      1      1      2
kevt       0      0      1      6      1
kevt       0      0      1      6      1
kevt       0      0      1      6      1
kevt       0      0      1      1     11
kevt       0      0      1      6      1
kevt       0      0      1      6      1
kevt       0      0      1      6      1
kevt       0      0      1      6      1
kevt       0      0      1      1      7
kevt       0      0      1      1      1
kevt       0      0      1      1     10
kevt       0      0   1000      5     11
kevt       0      0      1      6      1
kevt       0      0      1      6      1
kevt       0      0      1      6      1
kevt       0      0      1      6      1
kevt       0      0      1      6      1
kevt       0      0      1      6      1
kevt       0      0      1      1      2
kevt       0      0      1      1      2
kevt       0      0      1      3      3
kevt       0      0      1      1      0
Active kernel control sockets
Proto Recv-Q Send-Q   unit     id name
kctl       0      0      1      2 com.apple.nke.sockwall
kctl       0      0      1      6 com.apple.net.netagent
kctl       0      0      2      6 com.apple.net.netagent
kctl       0      0      3      6 com.apple.net.netagent
kctl       0      0      4      6 com.apple.net.netagent
kctl       0      0      5      6 com.apple.net.netagent
kctl       0      0      6      6 com.apple.net.netagent
kctl       0      0      7      6 com.apple.net.netagent
kctl       0      0      8      6 com.apple.net.netagent
kctl       0      0      9      6 com.apple.net.netagent
kctl       0      0     10      6 com.apple.net.netagent
kctl       0      0     11      6 com.apple.net.netagent
kctl       0      0     12      6 com.apple.net.netagent
kctl       0      0      1      7 com.apple.net.utun_control
kctl       0      0      1      9 com.apple.netsrc
kctl       0      0      2      9 com.apple.netsrc
kctl       0      0      3      9 com.apple.netsrc
kctl       0      0      4      9 com.apple.netsrc
kctl       0      0      5      9 com.apple.netsrc
kctl       0      0      6      9 com.apple.netsrc
kctl       0      0      7      9 com.apple.netsrc
kctl       0      0      8      9 com.apple.netsrc
kctl       0      0      9      9 com.apple.netsrc
kctl       0      0     10      9 com.apple.netsrc
kctl       0      0     11      9 com.apple.netsrc
kctl       0      0     12      9 com.apple.netsrc
kctl       0      0     13      9 com.apple.netsrc
kctl       0      0     14      9 com.apple.netsrc
kctl       0      0     15      9 com.apple.netsrc
kctl       0      0     16      9 com.apple.netsrc
kctl       0      0     17      9 com.apple.netsrc
kctl       0      0     18      9 com.apple.netsrc
kctl       0      0     19      9 com.apple.netsrc
kctl       0      0     20      9 com.apple.netsrc
kctl       0      0     21      9 com.apple.netsrc
kctl       0      0     22      9 com.apple.netsrc
kctl       0      0     23      9 com.apple.netsrc
kctl       0      0     24      9 com.apple.netsrc
kctl       0      0     25      9 com.apple.netsrc
kctl       0      0     26      9 com.apple.netsrc
kctl       0      0      1     10 com.apple.network.statistics
kctl       0      0      2     10 com.apple.network.statistics
kctl       0      0      3     10 com.apple.network.statistics
kctl       0      0      4     10 com.apple.network.statistics
kctl       0      0      5     10 com.apple.network.statistics
kctl       0      0      1     15 com.trendmicro.kext.KERedirect
